<?xml version="1.0" encoding="UTF-8"?>
<!-- Generated by org.testng.reporters.JUnitXMLReporter -->
<testsuite hostname="Wasims-MacBook-Pro.local" ignored="0" name="Default test" tests="8" failures="0" timestamp="22 Aug 2017 16:57:30 GMT" time="0.043" errors="0">
  <testcase name="@BeforeClass setup" time="0.0" classname="adp_demo.RM_TS_PostReq">
    <failure type="org.testng.TestNGException" message="
Can inject only one of &amp;lt;ITestContext, XmlTest&amp;gt; into a BeforeClass annotated setup.
For more information on native dependency injection please refer to http://testng.org/doc/documentation-main.html#native-dependency-injection">
      <![CDATA[org.testng.TestNGException: 
Can inject only one of <ITestContext, XmlTest> into a BeforeClass annotated setup.
For more information on native dependency injection please refer to http://testng.org/doc/documentation-main.html#native-dependency-injection
	at org.testng.internal.Parameters.checkParameterTypes(Parameters.java:244)
	at org.testng.internal.Parameters.createParameters(Parameters.java:172)
	at org.testng.internal.Parameters.createParameters(Parameters.java:458)
	at org.testng.internal.Parameters.createConfigurationParameters(Parameters.java:118)
	at org.testng.internal.Invoker.invokeConfigurations(Invoker.java:203)
	at org.testng.internal.Invoker.invokeConfigurations(Invoker.java:144)
	at org.testng.internal.TestMethodWorker.invokeBeforeClassMethods(TestMethodWorker.java:169)
	at org.testng.internal.TestMethodWorker.run(TestMethodWorker.java:108)
	at org.testng.TestRunner.privateRun(TestRunner.java:756)
	at org.testng.TestRunner.run(TestRunner.java:610)
	at org.testng.SuiteRunner.runTest(SuiteRunner.java:387)
	at org.testng.SuiteRunner.runSequentially(SuiteRunner.java:382)
	at org.testng.SuiteRunner.privateRun(SuiteRunner.java:340)
	at org.testng.SuiteRunner.run(SuiteRunner.java:289)
	at org.testng.SuiteRunnerWorker.runSuite(SuiteRunnerWorker.java:52)
	at org.testng.SuiteRunnerWorker.run(SuiteRunnerWorker.java:86)
	at org.testng.TestNG.runSuitesSequentially(TestNG.java:1293)
	at org.testng.TestNG.runSuitesLocally(TestNG.java:1218)
	at org.testng.TestNG.runSuites(TestNG.java:1133)
	at org.testng.TestNG.run(TestNG.java:1104)
	at org.testng.remote.AbstractRemoteTestNG.run(AbstractRemoteTestNG.java:132)
	at org.testng.remote.RemoteTestNG.initAndRun(RemoteTestNG.java:230)
	at org.testng.remote.RemoteTestNG.main(RemoteTestNG.java:76)
]]>
    </failure>
  </testcase> <!-- @BeforeClass setup -->
  <testcase name="@AfterClass teardown" time="0.0" classname="adp_demo.RM_TS_PostReq">
    <skipped/>
  </testcase> <!-- @AfterClass teardown -->
  <testcase name="activated" time="0.003" classname="adp_demo.RM_TS_PostReq">
    <skipped/>
  </testcase> <!-- activated -->
  <testcase name="click_Create_button" time="0.001" classname="adp_demo.RM_TS_PostReq">
    <skipped/>
  </testcase> <!-- click_Create_button -->
  <testcase name="i_am_logged_on_to_the_administration_side_of_MyInfo_as_an_HR_or_Recruitment_Manager" time="0.001" classname="adp_demo.RM_TS_PostReq">
    <skipped/>
  </testcase> <!-- i_am_logged_on_to_the_administration_side_of_MyInfo_as_an_HR_or_Recruitment_Manager -->
  <testcase name="i_fill_in_the_required_info" time="0.001" classname="adp_demo.RM_TS_PostReq">
    <skipped/>
  </testcase> <!-- i_fill_in_the_required_info -->
  <testcase name="i_open_create_new_utilities_req_form" time="0.001" classname="adp_demo.RM_TS_PostReq">
    <skipped/>
  </testcase> <!-- i_open_create_new_utilities_req_form -->
  <testcase name="published" time="0.0" classname="adp_demo.RM_TS_PostReq">
    <skipped/>
  </testcase> <!-- published -->
  <testcase name="the_Req_is_Approved" time="0.001" classname="adp_demo.RM_TS_PostReq">
    <skipped/>
  </testcase> <!-- the_Req_is_Approved -->
  <testcase name="the_job_posting_should_Show_on_the_company_career_website" time="0.001" classname="adp_demo.RM_TS_PostReq">
    <skipped/>
  </testcase> <!-- the_job_posting_should_Show_on_the_company_career_website -->
</testsuite> <!-- Default test -->
