-------------------------------------------------------------------------------
Test set: TestSuite
-------------------------------------------------------------------------------
Tests run: 7, Failures: 7, Errors: 0, Skipped: 0, Time elapsed: 4.551 sec <<< FAILURE! - in TestSuite
I_am_logged_on_to_the_administration_side_of_MyInfo_as_an_HR_or_Recruitment_Manager(adp_demo.RM_TS_PostReq)  Time elapsed: 0.014 sec  <<< FAILURE!
java.lang.NullPointerException
	at adp_demo.RM_TS_PostReq.I_am_logged_on_to_the_administration_side_of_MyInfo_as_an_HR_or_Recruitment_Manager(RM_TS_PostReq.java:37)

activated(adp_demo.RM_TS_PostReq)  Time elapsed: 0 sec  <<< FAILURE!
java.lang.NullPointerException
	at adp_demo.RM_TS_PostReq.activated(RM_TS_PostReq.java:112)

i_open_create_new_utilities_req_form_and_fill_in_the_required_info_and_click_Create_button(adp_demo.RM_TS_PostReq)  Time elapsed: 0.002 sec  <<< FAILURE!
org.testng.TestNGException: 

Cannot inject @Test annotated Method [i_open_create_new_utilities_req_form_and_fill_in_the_required_info_and_click_Create_button] with [interface java.util.Map].
For more information on native dependency injection please refer to http://testng.org/doc/documentation-main.html#native-dependency-injection

published(adp_demo.RM_TS_PostReq)  Time elapsed: 0.001 sec  <<< FAILURE!
java.lang.NullPointerException
	at adp_demo.RM_TS_PostReq.published(RM_TS_PostReq.java:121)

the_Req_is_Approved(adp_demo.RM_TS_PostReq)  Time elapsed: 0.002 sec  <<< FAILURE!
java.lang.NullPointerException
	at adp_demo.RM_TS_PostReq.the_Req_is_Approved(RM_TS_PostReq.java:101)

the_job_posting_should_Show_on_the_company_career_website(adp_demo.RM_TS_PostReq)  Time elapsed: 0.001 sec  <<< FAILURE!
java.lang.NullPointerException
	at adp_demo.RM_TS_PostReq.the_job_posting_should_Show_on_the_company_career_website(RM_TS_PostReq.java:130)

afterClass(adp_demo.RM_TS_PostReq)  Time elapsed: 0.001 sec  <<< FAILURE!
java.lang.NullPointerException
	at adp_demo.RM_TS_PostReq.afterClass(RM_TS_PostReq.java:158)

